{"/Users/ibodi/Documents/gitrepos/Microverse/Furkan/js-capstone/src/DOM-manipulations.js": {"path":"/Users/ibodi/Documents/gitrepos/Microverse/Furkan/js-capstone/src/DOM-manipulations.js","statementMap":{"0":{"start":{"line":10,"column":36},"end":{"line":10,"column":61}},"1":{"start":{"line":13,"column":21},"end":{"line":13,"column":56}},"2":{"start":{"line":14,"column":21},"end":{"line":14,"column":54}},"3":{"start":{"line":15,"column":24},"end":{"line":15,"column":44}},"4":{"start":{"line":16,"column":22},"end":{"line":16,"column":43}},"5":{"start":{"line":18,"column":2},"end":{"line":18,"column":55}},"6":{"start":{"line":19,"column":2},"end":{"line":40,"column":5}},"7":{"start":{"line":24,"column":8},"end":{"line":24,"column":13}},"8":{"start":{"line":25,"column":26},"end":{"line":25,"column":35}},"9":{"start":{"line":27,"column":20},"end":{"line":27,"column":46}},"10":{"start":{"line":28,"column":4},"end":{"line":28,"column":35}},"11":{"start":{"line":29,"column":4},"end":{"line":29,"column":54}},"12":{"start":{"line":30,"column":4},"end":{"line":30,"column":52}},"13":{"start":{"line":31,"column":4},"end":{"line":31,"column":51}},"14":{"start":{"line":33,"column":4},"end":{"line":36,"column":5}},"15":{"start":{"line":34,"column":6},"end":{"line":34,"column":65}},"16":{"start":{"line":35,"column":6},"end":{"line":35,"column":65}},"17":{"start":{"line":37,"column":25},"end":{"line":37,"column":86}},"18":{"start":{"line":37,"column":52},"end":{"line":37,"column":85}},"19":{"start":{"line":38,"column":4},"end":{"line":38,"column":88}},"20":{"start":{"line":39,"column":4},"end":{"line":39,"column":58}},"21":{"start":{"line":44,"column":22},"end":{"line":44,"column":65}},"22":{"start":{"line":45,"column":24},"end":{"line":45,"column":65}},"23":{"start":{"line":46,"column":2},"end":{"line":46,"column":29}},"24":{"start":{"line":48,"column":2},"end":{"line":76,"column":5}},"25":{"start":{"line":49,"column":4},"end":{"line":75,"column":7}},"26":{"start":{"line":54,"column":10},"end":{"line":54,"column":21}},"27":{"start":{"line":55,"column":30},"end":{"line":55,"column":39}},"28":{"start":{"line":57,"column":17},"end":{"line":57,"column":45}},"29":{"start":{"line":58,"column":6},"end":{"line":58,"column":34}},"30":{"start":{"line":60,"column":19},"end":{"line":60,"column":49}},"31":{"start":{"line":61,"column":6},"end":{"line":61,"column":40}},"32":{"start":{"line":63,"column":16},"end":{"line":63,"column":43}},"33":{"start":{"line":64,"column":6},"end":{"line":64,"column":28}},"34":{"start":{"line":66,"column":22},"end":{"line":66,"column":52}},"35":{"start":{"line":67,"column":6},"end":{"line":67,"column":39}},"36":{"start":{"line":69,"column":6},"end":{"line":69,"column":27}},"37":{"start":{"line":70,"column":6},"end":{"line":70,"column":24}},"38":{"start":{"line":71,"column":6},"end":{"line":71,"column":30}},"39":{"start":{"line":73,"column":6},"end":{"line":73,"column":57}},"40":{"start":{"line":74,"column":6},"end":{"line":74,"column":48}},"41":{"start":{"line":80,"column":16},"end":{"line":80,"column":48}},"42":{"start":{"line":81,"column":19},"end":{"line":81,"column":55}},"43":{"start":{"line":82,"column":21},"end":{"line":82,"column":59}},"44":{"start":{"line":83,"column":20},"end":{"line":83,"column":57}},"45":{"start":{"line":84,"column":23},"end":{"line":84,"column":63}},"46":{"start":{"line":85,"column":23},"end":{"line":85,"column":63}},"47":{"start":{"line":86,"column":22},"end":{"line":86,"column":65}},"48":{"start":{"line":87,"column":24},"end":{"line":87,"column":65}},"49":{"start":{"line":88,"column":15},"end":{"line":88,"column":46}},"50":{"start":{"line":89,"column":21},"end":{"line":89,"column":59}},"51":{"start":{"line":91,"column":2},"end":{"line":118,"column":5}},"52":{"start":{"line":96,"column":8},"end":{"line":96,"column":16}},"53":{"start":{"line":98,"column":4},"end":{"line":98,"column":51}},"54":{"start":{"line":99,"column":4},"end":{"line":99,"column":34}},"55":{"start":{"line":100,"column":4},"end":{"line":100,"column":32}},"56":{"start":{"line":101,"column":4},"end":{"line":101,"column":25}},"57":{"start":{"line":102,"column":4},"end":{"line":102,"column":31}},"58":{"start":{"line":103,"column":4},"end":{"line":103,"column":37}},"59":{"start":{"line":104,"column":4},"end":{"line":104,"column":31}},"60":{"start":{"line":105,"column":4},"end":{"line":105,"column":32}},"61":{"start":{"line":106,"column":4},"end":{"line":106,"column":38}},"62":{"start":{"line":107,"column":4},"end":{"line":107,"column":34}},"63":{"start":{"line":109,"column":4},"end":{"line":117,"column":7}},"64":{"start":{"line":110,"column":6},"end":{"line":116,"column":7}},"65":{"start":{"line":111,"column":8},"end":{"line":111,"column":38}},"66":{"start":{"line":112,"column":8},"end":{"line":112,"column":45}},"67":{"start":{"line":113,"column":8},"end":{"line":113,"column":43}},"68":{"start":{"line":115,"column":8},"end":{"line":115,"column":31}}},"fnMap":{"0":{"name":"showMoviesOnHomePage","decl":{"start":{"line":12,"column":30},"end":{"line":12,"column":50}},"loc":{"start":{"line":12,"column":53},"end":{"line":41,"column":1}},"line":12},"1":{"name":"(anonymous_1)","decl":{"start":{"line":19,"column":24},"end":{"line":19,"column":25}},"loc":{"start":{"line":19,"column":42},"end":{"line":40,"column":3}},"line":19},"2":{"name":"(anonymous_2)","decl":{"start":{"line":37,"column":44},"end":{"line":37,"column":45}},"loc":{"start":{"line":37,"column":52},"end":{"line":37,"column":85}},"line":37},"3":{"name":"showPopupComment","decl":{"start":{"line":43,"column":22},"end":{"line":43,"column":38}},"loc":{"start":{"line":43,"column":45},"end":{"line":77,"column":1}},"line":43},"4":{"name":"(anonymous_4)","decl":{"start":{"line":48,"column":31},"end":{"line":48,"column":32}},"loc":{"start":{"line":48,"column":45},"end":{"line":76,"column":3}},"line":48},"5":{"name":"(anonymous_5)","decl":{"start":{"line":49,"column":21},"end":{"line":49,"column":22}},"loc":{"start":{"line":49,"column":45},"end":{"line":75,"column":5}},"line":49},"6":{"name":"showPopupDetails","decl":{"start":{"line":79,"column":22},"end":{"line":79,"column":38}},"loc":{"start":{"line":79,"column":45},"end":{"line":119,"column":1}},"line":79},"7":{"name":"(anonymous_7)","decl":{"start":{"line":91,"column":35},"end":{"line":91,"column":36}},"loc":{"start":{"line":91,"column":55},"end":{"line":118,"column":3}},"line":91},"8":{"name":"(anonymous_8)","decl":{"start":{"line":109,"column":33},"end":{"line":109,"column":34}},"loc":{"start":{"line":109,"column":47},"end":{"line":117,"column":5}},"line":109}},"branchMap":{"0":{"loc":{"start":{"line":33,"column":4},"end":{"line":36,"column":5}},"type":"if","locations":[{"start":{"line":33,"column":4},"end":{"line":36,"column":5}},{"start":{},"end":{}}],"line":33},"1":{"loc":{"start":{"line":38,"column":54},"end":{"line":38,"column":87}},"type":"cond-expr","locations":[{"start":{"line":38,"column":67},"end":{"line":38,"column":83}},{"start":{"line":38,"column":86},"end":{"line":38,"column":87}}],"line":38},"2":{"loc":{"start":{"line":110,"column":6},"end":{"line":116,"column":7}},"type":"if","locations":[{"start":{"line":110,"column":6},"end":{"line":116,"column":7}},{"start":{"line":114,"column":13},"end":{"line":116,"column":7}}],"line":110}},"s":{"0":1,"1":1,"2":1,"3":1,"4":1,"5":1,"6":1,"7":39,"8":39,"9":39,"10":39,"11":39,"12":39,"13":39,"14":39,"15":19,"16":19,"17":39,"18":780,"19":39,"20":39,"21":0,"22":0,"23":0,"24":0,"25":0,"26":0,"27":0,"28":0,"29":0,"30":0,"31":0,"32":0,"33":0,"34":0,"35":0,"36":0,"37":0,"38":0,"39":0,"40":0,"41":0,"42":0,"43":0,"44":0,"45":0,"46":0,"47":0,"48":0,"49":0,"50":0,"51":0,"52":0,"53":0,"54":0,"55":0,"56":0,"57":0,"58":0,"59":0,"60":0,"61":0,"62":0,"63":0,"64":0,"65":0,"66":0,"67":0,"68":0},"f":{"0":1,"1":39,"2":780,"3":0,"4":0,"5":0,"6":0,"7":0,"8":0},"b":{"0":[19,20],"1":[20,19],"2":[0,0]},"_coverageSchema":"1a1c01bbd47fc00a2c39e90264f33305004495a9","hash":"527d1fea26afbcdc2ac11a52b7f0d4713352ec14"}
,"/Users/ibodi/Documents/gitrepos/Microverse/Furkan/js-capstone/src/api.js": {"path":"/Users/ibodi/Documents/gitrepos/Microverse/Furkan/js-capstone/src/api.js","statementMap":{"0":{"start":{"line":3,"column":25},"end":{"line":14,"column":3}},"1":{"start":{"line":15,"column":19},"end":{"line":15,"column":51}},"2":{"start":{"line":17,"column":2},"end":{"line":17,"column":18}},"3":{"start":{"line":21,"column":26},"end":{"line":21,"column":126}},"4":{"start":{"line":22,"column":20},"end":{"line":22,"column":48}},"5":{"start":{"line":24,"column":2},"end":{"line":24,"column":41}},"6":{"start":{"line":26,"column":2},"end":{"line":26,"column":21}},"7":{"start":{"line":30,"column":23},"end":{"line":30,"column":64}},"8":{"start":{"line":31,"column":18},"end":{"line":31,"column":43}},"9":{"start":{"line":33,"column":2},"end":{"line":33,"column":37}},"10":{"start":{"line":35,"column":2},"end":{"line":35,"column":19}},"11":{"start":{"line":39,"column":2},"end":{"line":39,"column":20}},"12":{"start":{"line":40,"column":18},"end":{"line":40,"column":52}},"13":{"start":{"line":41,"column":15},"end":{"line":41,"column":47}},"14":{"start":{"line":43,"column":2},"end":{"line":43,"column":31}},"15":{"start":{"line":45,"column":2},"end":{"line":45,"column":16}},"16":{"start":{"line":49,"column":25},"end":{"line":49,"column":142}},"17":{"start":{"line":50,"column":15},"end":{"line":50,"column":42}},"18":{"start":{"line":52,"column":2},"end":{"line":52,"column":31}},"19":{"start":{"line":54,"column":2},"end":{"line":54,"column":16}},"20":{"start":{"line":58,"column":25},"end":{"line":58,"column":128}},"21":{"start":{"line":59,"column":19},"end":{"line":59,"column":55}},"22":{"start":{"line":61,"column":2},"end":{"line":61,"column":18}},"23":{"start":{"line":65,"column":22},"end":{"line":65,"column":122}},"24":{"start":{"line":66,"column":23},"end":{"line":66,"column":46}},"25":{"start":{"line":67,"column":19},"end":{"line":67,"column":60}},"26":{"start":{"line":69,"column":2},"end":{"line":69,"column":18}}},"fnMap":{"0":{"name":"postData","decl":{"start":{"line":2,"column":22},"end":{"line":2,"column":30}},"loc":{"start":{"line":2,"column":52},"end":{"line":18,"column":1}},"line":2},"1":{"name":"getLikeNumber","decl":{"start":{"line":20,"column":22},"end":{"line":20,"column":35}},"loc":{"start":{"line":20,"column":38},"end":{"line":27,"column":1}},"line":20},"2":{"name":"getListMovie","decl":{"start":{"line":29,"column":22},"end":{"line":29,"column":34}},"loc":{"start":{"line":29,"column":37},"end":{"line":36,"column":1}},"line":29},"3":{"name":"getPopupDetails","decl":{"start":{"line":38,"column":22},"end":{"line":38,"column":37}},"loc":{"start":{"line":38,"column":44},"end":{"line":46,"column":1}},"line":38},"4":{"name":"getComments","decl":{"start":{"line":48,"column":22},"end":{"line":48,"column":33}},"loc":{"start":{"line":48,"column":38},"end":{"line":55,"column":1}},"line":48},"5":{"name":"postComments","decl":{"start":{"line":57,"column":22},"end":{"line":57,"column":34}},"loc":{"start":{"line":57,"column":41},"end":{"line":62,"column":1}},"line":57},"6":{"name":"postLike","decl":{"start":{"line":64,"column":22},"end":{"line":64,"column":30}},"loc":{"start":{"line":64,"column":38},"end":{"line":70,"column":1}},"line":64}},"branchMap":{"0":{"loc":{"start":{"line":2,"column":31},"end":{"line":2,"column":39}},"type":"default-arg","locations":[{"start":{"line":2,"column":37},"end":{"line":2,"column":39}}],"line":2},"1":{"loc":{"start":{"line":2,"column":41},"end":{"line":2,"column":50}},"type":"default-arg","locations":[{"start":{"line":2,"column":48},"end":{"line":2,"column":50}}],"line":2}},"s":{"0":0,"1":0,"2":0,"3":1,"4":1,"5":1,"6":1,"7":1,"8":1,"9":1,"10":1,"11":0,"12":0,"13":0,"14":0,"15":0,"16":0,"17":0,"18":0,"19":0,"20":0,"21":0,"22":0,"23":0,"24":0,"25":0,"26":0},"f":{"0":0,"1":1,"2":1,"3":0,"4":0,"5":0,"6":0},"b":{"0":[0],"1":[0]},"_coverageSchema":"1a1c01bbd47fc00a2c39e90264f33305004495a9","hash":"8c262a026c13b11afac8bff4c5f7da22369e6726"}
,"/Users/ibodi/Documents/gitrepos/Microverse/Furkan/js-capstone/src/listeners.js": {"path":"/Users/ibodi/Documents/gitrepos/Microverse/Furkan/js-capstone/src/listeners.js","statementMap":{"0":{"start":{"line":9,"column":22},"end":{"line":9,"column":64}},"1":{"start":{"line":11,"column":2},"end":{"line":16,"column":5}},"2":{"start":{"line":12,"column":4},"end":{"line":15,"column":7}},"3":{"start":{"line":13,"column":6},"end":{"line":13,"column":25}},"4":{"start":{"line":14,"column":6},"end":{"line":14,"column":44}},"5":{"start":{"line":20,"column":21},"end":{"line":20,"column":59}},"6":{"start":{"line":22,"column":4},"end":{"line":22,"column":23}},"7":{"start":{"line":24,"column":28},"end":{"line":24,"column":59}},"8":{"start":{"line":25,"column":21},"end":{"line":25,"column":42}},"9":{"start":{"line":26,"column":28},"end":{"line":26,"column":63}},"10":{"start":{"line":27,"column":21},"end":{"line":27,"column":42}},"11":{"start":{"line":28,"column":17},"end":{"line":28,"column":48}},"12":{"start":{"line":29,"column":23},"end":{"line":29,"column":61}},"13":{"start":{"line":30,"column":23},"end":{"line":34,"column":5}},"14":{"start":{"line":36,"column":4},"end":{"line":45,"column":7}},"15":{"start":{"line":37,"column":6},"end":{"line":37,"column":35}},"16":{"start":{"line":38,"column":6},"end":{"line":38,"column":33}},"17":{"start":{"line":39,"column":6},"end":{"line":39,"column":33}},"18":{"start":{"line":40,"column":6},"end":{"line":40,"column":34}},"19":{"start":{"line":41,"column":6},"end":{"line":41,"column":41}},"20":{"start":{"line":42,"column":6},"end":{"line":44,"column":15}},"21":{"start":{"line":43,"column":8},"end":{"line":43,"column":42}},"22":{"start":{"line":47,"column":2},"end":{"line":47,"column":57}},"23":{"start":{"line":51,"column":22},"end":{"line":51,"column":65}},"24":{"start":{"line":52,"column":16},"end":{"line":52,"column":48}},"25":{"start":{"line":53,"column":21},"end":{"line":53,"column":59}},"26":{"start":{"line":55,"column":4},"end":{"line":55,"column":23}},"27":{"start":{"line":56,"column":4},"end":{"line":56,"column":31}},"28":{"start":{"line":57,"column":4},"end":{"line":57,"column":54}},"29":{"start":{"line":58,"column":4},"end":{"line":58,"column":33}},"30":{"start":{"line":61,"column":2},"end":{"line":61,"column":57}},"31":{"start":{"line":65,"column":16},"end":{"line":65,"column":65}},"32":{"start":{"line":67,"column":2},"end":{"line":83,"column":5}},"33":{"start":{"line":69,"column":6},"end":{"line":69,"column":25}},"34":{"start":{"line":70,"column":6},"end":{"line":70,"column":31}},"35":{"start":{"line":70,"column":24},"end":{"line":70,"column":31}},"36":{"start":{"line":72,"column":6},"end":{"line":72,"column":26}},"37":{"start":{"line":74,"column":6},"end":{"line":74,"column":87}},"38":{"start":{"line":75,"column":6},"end":{"line":75,"column":38}},"39":{"start":{"line":76,"column":6},"end":{"line":76,"column":38}},"40":{"start":{"line":78,"column":6},"end":{"line":78,"column":59}},"41":{"start":{"line":79,"column":6},"end":{"line":79,"column":22}},"42":{"start":{"line":82,"column":4},"end":{"line":82,"column":56}}},"fnMap":{"0":{"name":"commentButtonsListener","decl":{"start":{"line":8,"column":22},"end":{"line":8,"column":44}},"loc":{"start":{"line":8,"column":47},"end":{"line":17,"column":1}},"line":8},"1":{"name":"(anonymous_1)","decl":{"start":{"line":11,"column":22},"end":{"line":11,"column":23}},"loc":{"start":{"line":11,"column":38},"end":{"line":16,"column":3}},"line":11},"2":{"name":"(anonymous_2)","decl":{"start":{"line":12,"column":41},"end":{"line":12,"column":42}},"loc":{"start":{"line":12,"column":54},"end":{"line":15,"column":5}},"line":12},"3":{"name":"popupCommentBtnListener","decl":{"start":{"line":19,"column":22},"end":{"line":19,"column":45}},"loc":{"start":{"line":19,"column":52},"end":{"line":48,"column":1}},"line":19},"4":{"name":"listenerFunction","decl":{"start":{"line":21,"column":17},"end":{"line":21,"column":33}},"loc":{"start":{"line":21,"column":37},"end":{"line":46,"column":3}},"line":21},"5":{"name":"(anonymous_5)","decl":{"start":{"line":36,"column":40},"end":{"line":36,"column":41}},"loc":{"start":{"line":36,"column":52},"end":{"line":45,"column":5}},"line":36},"6":{"name":"(anonymous_6)","decl":{"start":{"line":42,"column":17},"end":{"line":42,"column":18}},"loc":{"start":{"line":42,"column":23},"end":{"line":44,"column":7}},"line":42},"7":{"name":"popupCloseListener","decl":{"start":{"line":50,"column":22},"end":{"line":50,"column":40}},"loc":{"start":{"line":50,"column":43},"end":{"line":62,"column":1}},"line":50},"8":{"name":"listenerFunction","decl":{"start":{"line":54,"column":11},"end":{"line":54,"column":27}},"loc":{"start":{"line":54,"column":31},"end":{"line":59,"column":3}},"line":54},"9":{"name":"likeListener","decl":{"start":{"line":64,"column":22},"end":{"line":64,"column":34}},"loc":{"start":{"line":64,"column":37},"end":{"line":84,"column":1}},"line":64},"10":{"name":"(anonymous_10)","decl":{"start":{"line":67,"column":66},"end":{"line":67,"column":67}},"loc":{"start":{"line":67,"column":86},"end":{"line":83,"column":3}},"line":67},"11":{"name":"listenerFunction","decl":{"start":{"line":68,"column":13},"end":{"line":68,"column":29}},"loc":{"start":{"line":68,"column":33},"end":{"line":80,"column":5}},"line":68}},"branchMap":{"0":{"loc":{"start":{"line":65,"column":27},"end":{"line":65,"column":64}},"type":"binary-expr","locations":[{"start":{"line":65,"column":27},"end":{"line":65,"column":56}},{"start":{"line":65,"column":60},"end":{"line":65,"column":64}}],"line":65},"1":{"loc":{"start":{"line":70,"column":6},"end":{"line":70,"column":31}},"type":"if","locations":[{"start":{"line":70,"column":6},"end":{"line":70,"column":31}},{"start":{},"end":{}}],"line":70}},"s":{"0":0,"1":0,"2":0,"3":0,"4":0,"5":0,"6":0,"7":0,"8":0,"9":0,"10":0,"11":0,"12":0,"13":0,"14":0,"15":0,"16":0,"17":0,"18":0,"19":0,"20":0,"21":0,"22":0,"23":0,"24":0,"25":0,"26":0,"27":0,"28":0,"29":0,"30":0,"31":0,"32":0,"33":0,"34":0,"35":0,"36":0,"37":0,"38":0,"39":0,"40":0,"41":0,"42":0},"f":{"0":0,"1":0,"2":0,"3":0,"4":0,"5":0,"6":0,"7":0,"8":0,"9":0,"10":0,"11":0},"b":{"0":[0,0],"1":[0,0]},"_coverageSchema":"1a1c01bbd47fc00a2c39e90264f33305004495a9","hash":"49a7ce453f7eb02ea7e5159b3ad74e99a2f439be"}
}
