TN:
SF:src/DOM-manipulations.js
FN:12,showMoviesOnHomePage
FN:19,(anonymous_1)
FN:37,(anonymous_2)
FN:43,showPopupComment
FN:48,(anonymous_4)
FN:49,(anonymous_5)
FN:79,showPopupDetails
FN:91,(anonymous_7)
FN:109,(anonymous_8)
FNF:9
FNH:3
FNDA:1,showMoviesOnHomePage
FNDA:39,(anonymous_1)
FNDA:780,(anonymous_2)
FNDA:0,showPopupComment
FNDA:0,(anonymous_4)
FNDA:0,(anonymous_5)
FNDA:0,showPopupDetails
FNDA:0,(anonymous_7)
FNDA:0,(anonymous_8)
DA:10,1
DA:13,1
DA:14,1
DA:15,1
DA:16,1
DA:18,1
DA:19,1
DA:24,39
DA:25,39
DA:27,39
DA:28,39
DA:29,39
DA:30,39
DA:31,39
DA:33,39
DA:34,19
DA:35,19
DA:37,780
DA:38,39
DA:39,39
DA:44,0
DA:45,0
DA:46,0
DA:48,0
DA:49,0
DA:54,0
DA:55,0
DA:57,0
DA:58,0
DA:60,0
DA:61,0
DA:63,0
DA:64,0
DA:66,0
DA:67,0
DA:69,0
DA:70,0
DA:71,0
DA:73,0
DA:74,0
DA:80,0
DA:81,0
DA:82,0
DA:83,0
DA:84,0
DA:85,0
DA:86,0
DA:87,0
DA:88,0
DA:89,0
DA:91,0
DA:96,0
DA:98,0
DA:99,0
DA:100,0
DA:101,0
DA:102,0
DA:103,0
DA:104,0
DA:105,0
DA:106,0
DA:107,0
DA:109,0
DA:110,0
DA:111,0
DA:112,0
DA:113,0
DA:115,0
LF:68
LH:20
BRDA:33,0,0,19
BRDA:33,0,1,20
BRDA:38,1,0,20
BRDA:38,1,1,19
BRDA:110,2,0,0
BRDA:110,2,1,0
BRF:6
BRH:4
end_of_record
TN:
SF:src/api.js
FN:2,postData
FN:20,getLikeNumber
FN:29,getListMovie
FN:38,getPopupDetails
FN:48,getComments
FN:57,postComments
FN:64,postLike
FNF:7
FNH:2
FNDA:0,postData
FNDA:1,getLikeNumber
FNDA:1,getListMovie
FNDA:0,getPopupDetails
FNDA:0,getComments
FNDA:0,postComments
FNDA:0,postLike
DA:3,0
DA:15,0
DA:17,0
DA:21,1
DA:22,1
DA:24,1
DA:26,1
DA:30,1
DA:31,1
DA:33,1
DA:35,1
DA:39,0
DA:40,0
DA:41,0
DA:43,0
DA:45,0
DA:49,0
DA:50,0
DA:52,0
DA:54,0
DA:58,0
DA:59,0
DA:61,0
DA:65,0
DA:66,0
DA:67,0
DA:69,0
LF:27
LH:8
BRDA:2,0,0,0
BRDA:2,1,0,0
BRF:2
BRH:0
end_of_record
TN:
SF:src/listeners.js
FN:8,commentButtonsListener
FN:11,(anonymous_1)
FN:12,(anonymous_2)
FN:19,popupCommentBtnListener
FN:21,listenerFunction
FN:36,(anonymous_5)
FN:42,(anonymous_6)
FN:50,popupCloseListener
FN:54,listenerFunction
FN:64,likeListener
FN:67,(anonymous_10)
FN:68,listenerFunction
FNF:12
FNH:0
FNDA:0,commentButtonsListener
FNDA:0,(anonymous_1)
FNDA:0,(anonymous_2)
FNDA:0,popupCommentBtnListener
FNDA:0,listenerFunction
FNDA:0,(anonymous_5)
FNDA:0,(anonymous_6)
FNDA:0,popupCloseListener
FNDA:0,listenerFunction
FNDA:0,likeListener
FNDA:0,(anonymous_10)
FNDA:0,listenerFunction
DA:9,0
DA:11,0
DA:12,0
DA:13,0
DA:14,0
DA:20,0
DA:22,0
DA:24,0
DA:25,0
DA:26,0
DA:27,0
DA:28,0
DA:29,0
DA:30,0
DA:36,0
DA:37,0
DA:38,0
DA:39,0
DA:40,0
DA:41,0
DA:42,0
DA:43,0
DA:47,0
DA:51,0
DA:52,0
DA:53,0
DA:55,0
DA:56,0
DA:57,0
DA:58,0
DA:61,0
DA:65,0
DA:67,0
DA:69,0
DA:70,0
DA:72,0
DA:74,0
DA:75,0
DA:76,0
DA:78,0
DA:79,0
DA:82,0
LF:42
LH:0
BRDA:65,0,0,0
BRDA:65,0,1,0
BRDA:70,1,0,0
BRDA:70,1,1,0
BRF:4
BRH:0
end_of_record
